Mplus VERSION 8.6 (Mac)
MUTHEN & MUTHEN
08/22/2023   3:40 PM

INPUT INSTRUCTIONS

  TITLE:
  PRACTICE 01 - Explore descriptives (TYPE = BASIC;)
  DATA:
  FILE = "/Users/agarber/github/Intro-to-MplusAutomation/mplus_files/basic_example.dat";

  VARIABLE:
  NAMES = Enjoy Useful Logical Job Adult Female;
   MISSING=.;
   usevar= Enjoy Useful Logical Job Adult Female;
  ANALYSIS:
  type = basic;



INPUT READING TERMINATED NORMALLY




PRACTICE 01 - Explore descriptives (TYPE = BASIC;)

SUMMARY OF ANALYSIS

Number of groups                                                 1
Number of observations                                        3061

Number of dependent variables                                    6
Number of independent variables                                  0
Number of continuous latent variables                            0

Observed dependent variables

  Continuous
   ENJOY       USEFUL      LOGICAL     JOB         ADULT       FEMALE


Estimator                                                       ML
Information matrix                                        OBSERVED
Maximum number of iterations                                  1000
Convergence criterion                                    0.500D-04
Maximum number of steepest descent iterations                   20
Maximum number of iterations for H1                           2000
Convergence criterion for H1                             0.100D-03

Input data file(s)
  /Users/agarber/github/Intro-to-MplusAutomation/mplus_files/basic_example.dat

Input data format  FREE


SUMMARY OF DATA

     Number of missing data patterns            21


SUMMARY OF MISSING DATA PATTERNS


     MISSING DATA PATTERNS (x = not missing)

           1  2  3  4  5  6  7  8  9 10 11 12 13 14 15 16 17 18 19 20
 ENJOY     x  x  x  x  x  x  x  x  x  x  x  x  x  x
 USEFUL    x  x  x  x  x  x  x  x                    x  x  x
 LOGICAL   x  x  x  x              x  x  x           x  x  x  x  x
 JOB       x  x        x  x        x  x     x        x  x     x     x
 ADULT     x     x     x     x     x     x  x  x     x        x  x  x
 FEMALE    x  x  x  x  x  x  x  x  x  x  x  x  x  x  x  x  x  x  x  x

          21
 ENJOY
 USEFUL
 LOGICAL
 JOB
 ADULT     x
 FEMALE    x


     MISSING DATA PATTERN FREQUENCIES

    Pattern   Frequency     Pattern   Frequency     Pattern   Frequency
          1        2892           8           1          15          11
          2           3           9          47          16           1
          3          30          10           1          17           1
          4           1          11           2          18           2
          5          44          12           8          19           1
          6           2          13           1          20           1
          7           2          14           8          21           2


COVARIANCE COVERAGE OF DATA

Minimum covariance coverage value   0.100


     PROPORTION OF DATA PRESENT


           Covariance Coverage
              ENJOY         USEFUL        LOGICAL       JOB           ADULT
              ________      ________      ________      ________      ________
 ENJOY          0.994
 USEFUL         0.972         0.976
 LOGICAL        0.972         0.960         0.977
 JOB            0.979         0.965         0.966         0.984
 ADULT          0.989         0.973         0.975         0.982         0.994
 FEMALE         0.994         0.976         0.977         0.984         0.994


           Covariance Coverage
              FEMALE
              ________
 FEMALE         1.000





RESULTS FOR BASIC ANALYSIS


     ESTIMATED SAMPLE STATISTICS


           Means
              ENJOY         USEFUL        LOGICAL       JOB           ADULT
              ________      ________      ________      ________      ________
                0.613         0.404         0.493         0.404         0.461


           Means
              FEMALE
              ________
                0.481


           Covariances
              ENJOY         USEFUL        LOGICAL       JOB           ADULT
              ________      ________      ________      ________      ________
 ENJOY          0.237
 USEFUL         0.072         0.241
 LOGICAL        0.072         0.117         0.250
 JOB            0.064         0.111         0.098         0.241
 ADULT          0.081         0.110         0.101         0.127         0.248
 FEMALE        -0.016        -0.021        -0.027        -0.027        -0.026


           Covariances
              FEMALE
              ________
 FEMALE         0.250


           Correlations
              ENJOY         USEFUL        LOGICAL       JOB           ADULT
              ________      ________      ________      ________      ________
 ENJOY          1.000
 USEFUL         0.303         1.000
 LOGICAL        0.297         0.476         1.000
 JOB            0.266         0.461         0.398         1.000
 ADULT          0.332         0.448         0.406         0.520         1.000
 FEMALE        -0.064        -0.085        -0.109        -0.110        -0.106


           Correlations
              FEMALE
              ________
 FEMALE         1.000


     MAXIMUM LOG-LIKELIHOOD VALUE FOR THE UNRESTRICTED (H1) MODEL IS -11218.218


UNIVARIATE SAMPLE STATISTICS


     UNIVARIATE HIGHER-ORDER MOMENT DESCRIPTIVE STATISTICS

         Variable/         Mean/     Skewness/   Minimum/ % with                Percentiles
        Sample Size      Variance    Kurtosis    Maximum  Min/Max      20%/60%    40%/80%    Median

     ENJOY                 0.613      -0.464       0.000   38.69%       0.000      1.000      1.000
            3042.000       0.237      -1.784       1.000   61.31%       1.000      1.000
     USEFUL                0.404       0.393       0.000   59.64%       0.000      0.000      0.000
            2988.000       0.241      -1.846       1.000   40.36%       1.000      1.000
     LOGICAL               0.492       0.031       0.000   50.77%       0.000      0.000      0.000
            2992.000       0.250      -1.999       1.000   49.23%       1.000      1.000
     JOB                   0.404       0.392       0.000   59.63%       0.000      0.000      0.000
            3012.000       0.241      -1.846       1.000   40.37%       1.000      1.000
     ADULT                 0.461       0.155       0.000   53.86%       0.000      0.000      0.000
            3043.000       0.249      -1.976       1.000   46.14%       1.000      1.000
     FEMALE                0.481       0.075       0.000   51.88%       0.000      0.000      0.000
            3061.000       0.250      -1.994       1.000   48.12%       1.000      1.000


     Beginning Time:  15:40:49
        Ending Time:  15:40:49
       Elapsed Time:  00:00:00



MUTHEN & MUTHEN
3463 Stoner Ave.
Los Angeles, CA  90066

Tel: (310) 391-9971
Fax: (310) 391-8971
Web: www.StatModel.com
Support: Support@StatModel.com

Copyright (c) 1998-2021 Muthen & Muthen
