Mplus VERSION 8.6 (Mac)
MUTHEN & MUTHEN
08/22/2023   3:51 PM

INPUT INSTRUCTIONS

  TITLE:
  PRACTICE 02 - Explore descriptives for female observation subset
  DATA:
  FILE = "/Users/agarber/github/Intro-to-MplusAutomation/mplus_files/fem_basic.dat";

  VARIABLE:
  NAMES = Enjoy Useful Logical Job Adult Female;
   MISSING=.;
   usevar = Enjoy Useful Logical Job Adult Female;

     useobs = Female == 1; !!! subset observations that report female in analysis !!!
  ANALYSIS:
  type = basic;

*** ERROR
  One or more variables have a variance of zero.
  Check your data and format statement.

    Continuous    Number of
     Variable   Observations    Variance

      ENJOY         1468           0.244
      USEFUL        1434           0.230
      LOGICAL       1437           0.246
      JOB           1448           0.227
      ADULT         1465           0.241
    **FEMALE        1473           0.000



MUTHEN & MUTHEN
3463 Stoner Ave.
Los Angeles, CA  90066

Tel: (310) 391-9971
Fax: (310) 391-8971
Web: www.StatModel.com
Support: Support@StatModel.com

Copyright (c) 1998-2021 Muthen & Muthen
